Arguments: 
  /Users/lizhenyong/n/bin/node /usr/local/Cellar/yarn/1.1.0/libexec/bin/yarn.js add nyc -D

PATH: 
  /Users/lizhenyong/.rvm/gems/ruby-2.3.4/bin:/Users/lizhenyong/.rvm/gems/ruby-2.3.4@global/bin:/Users/lizhenyong/.rvm/rubies/ruby-2.3.4/bin:/Users/lizhenyong/anaconda/bin:/Library/Frameworks/Python.framework/Versions/3.6/bin:/Users/lizhenyong/anaconda/bin:/Library/Frameworks/Python.framework/Versions/3.6/bin:/usr/local/bin:/usr/bin:/bin:/usr/sbin:/sbin:/usr/local/go/bin:/Users/lizhenyong/.rvm/gems/ruby-2.3.4/bin:/Users/lizhenyong/.rvm/gems/ruby-2.3.4@global/bin:/Users/lizhenyong/.rvm/rubies/ruby-2.3.4/bin:/Users/lizhenyong/anaconda/bin:/Library/Frameworks/Python.framework/Versions/3.6/bin:/Users/lizhenyong/.rvm/bin:/Users/lizhenyong/n/bin:/Users/lizhenyong/Desktop/GOGOGO---project/bin:/Users/lizhenyong/.rvm/bin:/Users/lizhenyong/.rvm/bin:/Users/lizhenyong/Desktop/GOGOGO---project/bin

Yarn version: 
  1.1.0

Node version: 
  8.0.0

Platform: 
  darwin x64

npm manifest: 
  {
    "name": "translate",
    "version": "1.0.0",
    "description": "use translate.js",
    "main": "index.js",
    "scripts": {
      "test": "nyc ava",
      "report": "nyc report --reporter=html"
    },
    "author": "",
    "license": "ISC",
    "dependencies": {
      "mz": "^2.7.0",
      "translation.js": "^0.6.4"
    },
    "devDependencies": {
      "ava": "^0.23.0"
    }  
  }

yarn manifest: 
  No manifest

Lockfile: 
  No lockfile

Trace: 
  Error: ENOENT: no such file or directory, open '/Users/lizhenyong/Desktop/JSJSJSJSJSJJSJS——project/translate-js/node_modules/@ava/babel-preset-stage-4/node_modules/md5-hex/license'
